<?xml version="1.0" encoding="UTF-8"?>
<!-- Generated by org.testng.reporters.JUnitXMLReporter -->
<testsuite ignored="0" hostname="LAPTOP-G8J30JQB" failures="1" tests="3" name="SuperAdminTest(failed)(failed)(failed)" time="21.767" errors="0" timestamp="2023-04-03T18:17:43 IST">
  <testcase classname="testCases.TC_002_AddOraganisationTest" name="test_BasicData" time="8.413"/>
  <testcase classname="testCases.TC_002_AddOraganisationTest" name="testContactPerson" time="3.35"/>
  <testcase classname="testCases.TC_002_AddOraganisationTest" name="testBillingDetails" time="2.772">
    <failure type="java.lang.AssertionError" message="null">
      <![CDATA[java.lang.AssertionError: null
at testCases.TC_002_AddOraganisationTest.testBillingDetails(TC_002_AddOraganisationTest.java:127)
at java.base/java.util.ArrayList.forEach(ArrayList.java:1511)
... Removed 27 stack frames]]>
    </failure>
  </testcase> <!-- testBillingDetails -->
</testsuite> <!-- SuperAdminTest(failed)(failed)(failed) -->
