<?xml version="1.0" encoding="UTF-8"?>
<!-- Generated by org.testng.reporters.JUnitXMLReporter -->
<testsuite ignored="0" hostname="LAPTOP-G8J30JQB" failures="1" tests="3" name="SuperAdminTest(failed)" time="17.114" errors="0" timestamp="2023-04-03T17:52:55 IST">
  <testcase classname="testCases.TC_002_AddOraganisationTest" name="test_BasicData" time="10.228">
    <failure type="java.lang.AssertionError" message="null">
      <![CDATA[java.lang.AssertionError: null
at testCases.TC_002_AddOraganisationTest.test_BasicData(TC_002_AddOraganisationTest.java:52)
at java.base/java.util.ArrayList.forEach(ArrayList.java:1511)
... Removed 27 stack frames]]>
    </failure>
  </testcase> <!-- test_BasicData -->
  <testcase classname="testCases.TC_002_AddOraganisationTest" name="testContactPerson" time="0.0">
    <skipped/>
  </testcase> <!-- testContactPerson -->
  <testcase classname="testCases.TC_002_AddOraganisationTest" name="testBillingDetails" time="0.0">
    <skipped/>
  </testcase> <!-- testBillingDetails -->
</testsuite> <!-- SuperAdminTest(failed) -->
